<?xml version="1.0" encoding="UTF-8"?>
<!-- Generated by org.testng.reporters.JUnitXMLReporter -->
<testsuite ignored="0" hostname="DESKTOP-0TCUJVO" failures="1" tests="3" name="Default test" time="228.267" errors="0" timestamp="2024-08-18T17:18:34 IST">
  <testcase classname="io.cucumber.testng.AbstractTestNGCucumberTests" name="runScenario" time="50.779"/>
  <testcase classname="io.cucumber.testng.AbstractTestNGCucumberTests" name="runScenario" time="130.499">
    <failure type="java.lang.NullPointerException" message="Cannot invoke &amp;quot;org.openqa.selenium.WebElement.isDisplayed()&amp;quot; because &amp;quot;ele&amp;quot; is null">
      <![CDATA[java.lang.NullPointerException: Cannot invoke "org.openqa.selenium.WebElement.isDisplayed()" because "ele" is null
at com.base.SeleniumBase.click(SeleniumBase.java:103)
at com.stepDefinition.OpportunityPage.click_on_dropdown_icon_and_select_edit(OpportunityPage.java:149)
at ✽.click on dropdown icon and select Edit(file:///C:/Users/inovi/Downloads/Cucumber_Salesforce_OwnersAPI/Cucumber_Salesforce_OwnersAPI/src/test/java/com/featureFile/Opp.feature:27)
]]>
    </failure>
  </testcase> <!-- runScenario -->
  <testcase classname="io.cucumber.testng.AbstractTestNGCucumberTests" name="runScenario" time="45.07"/>
</testsuite> <!-- Default test -->
