<?xml version="1.0" encoding="UTF-8"?>
<testng-results ignored="0" total="3" passed="3" failed="0" skipped="0">
  <reporter-output>
  </reporter-output>
  <suite started-at="2024-08-18T17:18:49 IST" name="Suite" finished-at="2024-08-18T17:21:26 IST" duration-ms="156561">
    <groups>
      <group name="cucumber">
        <method signature="AbstractTestNGCucumberTests.runScenario(io.cucumber.testng.PickleWrapper,io.cucumber.testng.FeatureWrapper)[pri:0, instance:com.runner.Runner@368f2016]" name="runScenario" class="io.cucumber.testng.AbstractTestNGCucumberTests"/>
      </group> <!-- cucumber -->
    </groups>
    <test started-at="2024-08-18T17:18:49 IST" name="Test" finished-at="2024-08-18T17:21:26 IST" duration-ms="156561">
      <class name="com.runner.Runner">
        <test-method is-config="true" signature="setUpClass(org.testng.ITestContext)[pri:0, instance:com.runner.Runner@368f2016]" started-at="2024-08-18T17:18:49 IST" name="setUpClass" finished-at="2024-08-18T17:18:51 IST" duration-ms="2166" status="PASS">
          <params>
            <param index="0">
              <value>
                <![CDATA[org.testng.TestRunner@1e225820]]>
              </value>
            </param>
          </params>
          <reporter-output>
          </reporter-output>
        </test-method> <!-- setUpClass -->
        <test-method signature="runScenario(io.cucumber.testng.PickleWrapper,io.cucumber.testng.FeatureWrapper)[pri:0, instance:com.runner.Runner@368f2016]" started-at="2024-08-18T17:18:51 IST" name="runScenario" description="Runs Cucumber Scenarios" data-provider="scenarios" finished-at="2024-08-18T17:19:32 IST" duration-ms="41228" status="PASS">
          <params>
            <param index="0">
              <value>
                <![CDATA["Cretae Opportunity"]]>
              </value>
            </param>
            <param index="1">
              <value>
                <![CDATA["Opportunity functionality Module"]]>
              </value>
            </param>
          </params>
          <reporter-output>
          </reporter-output>
        </test-method> <!-- runScenario -->
        <test-method signature="runScenario(io.cucumber.testng.PickleWrapper,io.cucumber.testng.FeatureWrapper)[pri:0, instance:com.runner.Runner@368f2016]" started-at="2024-08-18T17:19:32 IST" name="runScenario" description="Runs Cucumber Scenarios" data-provider="scenarios" finished-at="2024-08-18T17:20:14 IST" duration-ms="41165" status="PASS">
          <params>
            <param index="0">
              <value>
                <![CDATA["Edit Opportunity"]]>
              </value>
            </param>
            <param index="1">
              <value>
                <![CDATA["Opportunity functionality Module"]]>
              </value>
            </param>
          </params>
          <reporter-output>
          </reporter-output>
        </test-method> <!-- runScenario -->
        <test-method signature="runScenario(io.cucumber.testng.PickleWrapper,io.cucumber.testng.FeatureWrapper)[pri:0, instance:com.runner.Runner@368f2016]" started-at="2024-08-18T17:20:14 IST" name="runScenario" description="Runs Cucumber Scenarios" data-provider="scenarios" finished-at="2024-08-18T17:21:25 IST" duration-ms="71823" status="PASS">
          <params>
            <param index="0">
              <value>
                <![CDATA["Delete Opportunity"]]>
              </value>
            </param>
            <param index="1">
              <value>
                <![CDATA["Opportunity functionality Module"]]>
              </value>
            </param>
          </params>
          <reporter-output>
          </reporter-output>
        </test-method> <!-- runScenario -->
        <test-method is-config="true" signature="tearDownClass()[pri:0, instance:com.runner.Runner@368f2016]" started-at="2024-08-18T17:21:25 IST" name="tearDownClass" finished-at="2024-08-18T17:21:26 IST" duration-ms="77" status="PASS">
          <reporter-output>
          </reporter-output>
        </test-method> <!-- tearDownClass -->
      </class> <!-- com.runner.Runner -->
    </test> <!-- Test -->
  </suite> <!-- Suite -->
</testng-results>
